<?xml version="1.0" encoding="UTF-8"?>
<robot generator="Robot 7.3.1 (Python 3.13.5 on darwin)" generated="2025-06-19T13:27:14.488078" rpa="false" schemaversion="5">
<suite id="s1" name="Criartoken" source="/Users/gleissonrodrigo/Documents/Projetos-QA/Robot-API/criartoken.robot">
<test id="s1-t1" name="Gerando um token" line="9">
<kw name="Create Dictionary" owner="BuiltIn">
<msg time="2025-06-19T13:27:14.534842" level="INFO">${data} = {'username': 'admin', 'password': 'password123'}</msg>
<var>${data}</var>
<arg>username=admin</arg>
<arg>password=password123</arg>
<doc>Creates and returns a dictionary based on the given ``items``.</doc>
<status status="PASS" start="2025-06-19T13:27:14.534725" elapsed="0.000132"/>
</kw>
<kw name="POST" owner="RequestsLibrary">
<msg time="2025-06-19T13:27:15.207529" level="INFO">POST Request : url=https://restful-booker.herokuapp.com/auth 
 path_url=/auth 
 headers={'User-Agent': 'python-requests/2.32.4', 'Accept-Encoding': 'gzip, deflate', 'Accept': '*/*', 'Connection': 'keep-alive', 'Content-Length': '48', 'Content-Type': 'application/json'} 
 body=b'{"username": "admin", "password": "password123"}' 
 </msg>
<msg time="2025-06-19T13:27:15.207995" level="INFO">POST Response : url=https://restful-booker.herokuapp.com/auth 
 status=200, reason=OK 
 headers={'Content-Length': '27', 'Content-Type': 'application/json; charset=utf-8', 'Date': 'Thu, 19 Jun 2025 16:27:15 GMT', 'Etag': 'W/"1b-fEvv/zj2pyyRkI0fnMzNIG0FfTA"', 'Nel': '{"report_to":"heroku-nel","response_headers":["Via"],"max_age":3600,"success_fraction":0.01,"failure_fraction":0.1}', 'Report-To': '{"group":"heroku-nel","endpoints":[{"url":"https://nel.heroku.com/reports?s=pVZ3hcTvfWu%2BxnOKfIwL3AlXYOuUjpXp1%2BEIAOeYFe4%3D\\u0026sid=c46efe9b-d3d2-4a0c-8c76-bfafa16c5add\\u0026ts=1750350435"}],"max_age":3600}', 'Reporting-Endpoints': 'heroku-nel="https://nel.heroku.com/reports?s=pVZ3hcTvfWu%2BxnOKfIwL3AlXYOuUjpXp1%2BEIAOeYFe4%3D&amp;sid=c46efe9b-d3d2-4a0c-8c76-bfafa16c5add&amp;ts=1750350435"', 'Server': 'Heroku', 'Via': '1.1 heroku-router', 'X-Powered-By': 'Express'} 
 body={"token":"0fe3dd1d65373e3"} 
 </msg>
<msg time="2025-06-19T13:27:15.208507" level="INFO">${response} = &lt;Response [200]&gt;</msg>
<var>${response}</var>
<arg>${BASE_URL}/auth</arg>
<arg>json=${data}</arg>
<doc>Sends a POST request.</doc>
<status status="PASS" start="2025-06-19T13:27:14.534930" elapsed="0.673652"/>
</kw>
<kw name="Should Be True" owner="BuiltIn">
<arg>${response.ok}</arg>
<doc>Fails if the given condition is not true.</doc>
<status status="PASS" start="2025-06-19T13:27:15.209273" elapsed="0.000981"/>
</kw>
<kw name="Should Be Equal As Numbers" owner="BuiltIn">
<msg time="2025-06-19T13:27:15.211124" level="INFO">Argument types are:
&lt;class 'int'&gt;
&lt;class 'str'&gt;</msg>
<arg>${response.status_code}</arg>
<arg>200</arg>
<doc>Fails if objects are unequal after converting them to real numbers.</doc>
<status status="PASS" start="2025-06-19T13:27:15.210499" elapsed="0.000748"/>
</kw>
<kw name="Set Variable" owner="BuiltIn">
<msg time="2025-06-19T13:27:15.212449" level="INFO">${data_response} = {'token': '0fe3dd1d65373e3'}</msg>
<var>${data_response}</var>
<arg>${response.json()}</arg>
<doc>Returns the given values which can then be assigned to a variables.</doc>
<status status="PASS" start="2025-06-19T13:27:15.211964" elapsed="0.000510"/>
</kw>
<kw name="Get From Dictionary" owner="Collections">
<msg time="2025-06-19T13:27:15.213230" level="INFO">${token} = 0fe3dd1d65373e3</msg>
<var>${token}</var>
<arg>${data_response}</arg>
<arg>token</arg>
<doc>Returns a value from the given ``dictionary`` based on the given ``key``.</doc>
<status status="PASS" start="2025-06-19T13:27:15.212647" elapsed="0.000669"/>
</kw>
<kw name="Log" owner="BuiltIn">
<msg time="2025-06-19T13:27:15.213734" level="INFO">Seu token é:0fe3dd1d65373e3</msg>
<arg>Seu token é:${token}</arg>
<doc>Logs the given message with the given level.</doc>
<status status="PASS" start="2025-06-19T13:27:15.213509" elapsed="0.000267"/>
</kw>
<status status="PASS" start="2025-06-19T13:27:14.534416" elapsed="0.679496"/>
</test>
<status status="PASS" start="2025-06-19T13:27:14.488504" elapsed="0.726024"/>
</suite>
<statistics>
<total>
<stat pass="1" fail="0" skip="0">All Tests</stat>
</total>
<tag>
</tag>
<suite>
<stat name="Criartoken" id="s1" pass="1" fail="0" skip="0">Criartoken</stat>
</suite>
</statistics>
<errors>
</errors>
</robot>
